Running: D:\Xilinx\14.7\ISE_DS\ISE\bin\nt64\unwrapped\fuse.exe -intstyle ise -incremental -lib unisims_ver -lib unimacro_ver -lib xilinxcorelib_ver -lib secureip -o D:/Documents/GitHub/First/Xilinx-Projects/mux/top_mux_top_mux_sch_tb_isim_beh.exe -prj D:/Documents/GitHub/First/Xilinx-Projects/mux/top_mux_top_mux_sch_tb_beh.prj work.top_mux_top_mux_sch_tb work.glbl 
ISim P.20131013 (signature 0x7708f090)
Number of CPUs detected in this system: 4
Turning on mult-threading, number of parallel sub-compilation jobs: 8 
Determining compilation order of HDL files
Analyzing Verilog file "D:/Documents/GitHub/First/Xilinx-Projects/mux/mux2t1.vf" into library work
Analyzing Verilog file "D:/Documents/GitHub/First/Xilinx-Projects/mux/mux4t1.vf" into library work
Analyzing Verilog file "D:/Documents/GitHub/First/Xilinx-Projects/mux/mux8t1.vf" into library work
Analyzing Verilog file "D:/Documents/GitHub/First/Xilinx-Projects/mux/rom.v" into library work
Analyzing Verilog file "D:/Documents/GitHub/First/Xilinx-Projects/mux/mux8t1_8.vf" into library work
Analyzing Verilog file "D:/Documents/GitHub/First/Xilinx-Projects/mux/buf8.v" into library work
Analyzing Verilog file "D:/Documents/GitHub/First/Xilinx-Projects/mux/top_mux.vf" into library work
Analyzing Verilog file "D:/Documents/GitHub/First/Xilinx-Projects/mux/top_mux_tb.v" into library work
Analyzing Verilog file "D:/Xilinx/14.7/ISE_DS/ISE//verilog/src/glbl.v" into library work
Starting static elaboration
Completed static elaboration
Compiling module buf8
Compiling module rom
Compiling module AND2
Compiling module INV
Compiling module OR2
Compiling module mux2t1_MUSER_top_mux
Compiling module mux4t1_MUSER_top_mux
Compiling module mux8t1_MUSER_top_mux
Compiling module mux8t1_8_MUSER_top_mux
Compiling module top_mux
Compiling module top_mux_top_mux_sch_tb
Compiling module glbl
Time Resolution for simulation is 1ps.
Waiting for 5 sub-compilation(s) to finish...
Compiled 12 Verilog Units
Built simulation executable D:/Documents/GitHub/First/Xilinx-Projects/mux/top_mux_top_mux_sch_tb_isim_beh.exe
Fuse Memory Usage: 27864 KB
Fuse CPU Usage: 530 ms
