d:\documents\github\first\c++-projects\unit-converter\unit-converter\unit-converter\debug\vc120.pdb
d:\documents\github\first\c++-projects\unit-converter\unit-converter\unit-converter\debug\vc120.idb
d:\documents\github\first\c++-projects\unit-converter\unit-converter\unit-converter\debug\test.obj
d:\documents\github\first\c++-projects\unit-converter\unit-converter\unit-converter\debug\unit.obj
d:\documents\github\first\c++-projects\unit-converter\unit-converter\debug\unit-converter.pdb
d:\documents\github\first\c++-projects\unit-converter\unit-converter\unit-converter\debug\unit-converter.tlog\cl.command.1.tlog
d:\documents\github\first\c++-projects\unit-converter\unit-converter\unit-converter\debug\unit-converter.tlog\cl.read.1.tlog
d:\documents\github\first\c++-projects\unit-converter\unit-converter\unit-converter\debug\unit-converter.tlog\cl.write.1.tlog
d:\documents\github\first\c++-projects\unit-converter\unit-converter\unit-converter\debug\unit-converter.tlog\link-cvtres.read.1.tlog
d:\documents\github\first\c++-projects\unit-converter\unit-converter\unit-converter\debug\unit-converter.tlog\link-cvtres.write.1.tlog
d:\documents\github\first\c++-projects\unit-converter\unit-converter\unit-converter\debug\unit-converter.tlog\link-rc.read.1.tlog
d:\documents\github\first\c++-projects\unit-converter\unit-converter\unit-converter\debug\unit-converter.tlog\link-rc.write.1.tlog
d:\documents\github\first\c++-projects\unit-converter\unit-converter\unit-converter\debug\unit-converter.tlog\link.6024-cvtres.read.1.tlog
d:\documents\github\first\c++-projects\unit-converter\unit-converter\unit-converter\debug\unit-converter.tlog\link.6024-cvtres.write.1.tlog
d:\documents\github\first\c++-projects\unit-converter\unit-converter\unit-converter\debug\unit-converter.tlog\link.6024-rc.read.1.tlog
d:\documents\github\first\c++-projects\unit-converter\unit-converter\unit-converter\debug\unit-converter.tlog\link.6024-rc.write.1.tlog
d:\documents\github\first\c++-projects\unit-converter\unit-converter\unit-converter\debug\unit-converter.tlog\link.6024.read.1.tlog
d:\documents\github\first\c++-projects\unit-converter\unit-converter\unit-converter\debug\unit-converter.tlog\link.6024.write.1.tlog
d:\documents\github\first\c++-projects\unit-converter\unit-converter\unit-converter\debug\unit-converter.tlog\link.command.1.tlog
d:\documents\github\first\c++-projects\unit-converter\unit-converter\unit-converter\debug\unit-converter.tlog\link.read.1.tlog
d:\documents\github\first\c++-projects\unit-converter\unit-converter\unit-converter\debug\unit-converter.tlog\link.write.1.tlog
